App_1_IIB_Message_Flow_using_MQ>>TESTNODE_otto>>tutorials>>2>>1532767499991
2087<<Runtime Response<<2018-07-28 16:45:01.026 AWST<<TESTNODE_otto<<56efe89c-ed35-11e7-9239-c0a8016b0000
4041<<Runtime Response<<2018-07-28 16:45:01.026 AWST<<tutorials<<2fa68a0a-39e3-4700-aece-d7e7b5eb0313
2683<<Runtime Response<<2018-07-28 16:45:01.026 AWST<<PolicyManager
2871<<Administration Result<<2018-07-28 16:45:01.026 AWST<<otto<<deploy<</home/otto/IBM/IIBT10/tutorials/GeneratedBarFiles/App_1_IIB_Message_Flow_using_MQproject.generated.bar<<BAR<<tutorials<<ExecutionGroup<<FAILED
App_1_IIB_Message_Flow_using_MQ>>TESTNODE_otto>>tutorials>>2>>1532767652923
2087<<Runtime Response<<2018-07-28 16:47:33.498 AWST<<TESTNODE_otto<<56efe89c-ed35-11e7-9239-c0a8016b0000
4041<<Runtime Response<<2018-07-28 16:47:33.498 AWST<<tutorials<<2fa68a0a-39e3-4700-aece-d7e7b5eb0313
2683<<Runtime Response<<2018-07-28 16:47:33.498 AWST<<PolicyManager
2871<<Administration Result<<2018-07-28 16:47:33.498 AWST<<otto<<deploy<</home/otto/IBM/IIBT10/tutorials/GeneratedBarFiles/App_1_IIB_Message_Flow_using_MQproject.generated.bar<<BAR<<tutorials<<ExecutionGroup<<FAILED
App_1_IIB_Message_Flow_using_MQ>>TESTNODE_otto>>default>>2>>1532767707169
2087<<Runtime Response<<2018-07-28 16:48:27.398 AWST<<TESTNODE_otto<<56efe89c-ed35-11e7-9239-c0a8016b0000
4041<<Runtime Response<<2018-07-28 16:48:27.398 AWST<<default<<8a135c9b-6fb7-47b0-8286-1af1224a7993
2683<<Runtime Response<<2018-07-28 16:48:27.398 AWST<<PolicyManager
2871<<Administration Result<<2018-07-28 16:48:27.398 AWST<<otto<<deploy<</home/otto/IBM/IIBT10/tutorials/GeneratedBarFiles/App_1_IIB_Message_Flow_using_MQproject.generated.bar<<BAR<<default<<ExecutionGroup<<FAILED
App_1_IIB_Message_Flow_using_MQ>>TESTNODE_otto>>tutorials>>2>>1532767722543
2087<<Runtime Response<<2018-07-28 16:48:42.692 AWST<<TESTNODE_otto<<56efe89c-ed35-11e7-9239-c0a8016b0000
4041<<Runtime Response<<2018-07-28 16:48:42.692 AWST<<tutorials<<2fa68a0a-39e3-4700-aece-d7e7b5eb0313
2683<<Runtime Response<<2018-07-28 16:48:42.692 AWST<<PolicyManager
2871<<Administration Result<<2018-07-28 16:48:42.692 AWST<<otto<<deploy<</home/otto/IBM/IIBT10/tutorials/GeneratedBarFiles/App_1_IIB_Message_Flow_using_MQproject.generated.bar<<BAR<<tutorials<<ExecutionGroup<<FAILED
App_2_IIB_to_Active_MQ>>TESTNODE_otto>>tutorials>>0>>1533622698479
2871<<Administration Result<<2018-08-07 14:18:18.672 AWST<<otto<<deploy<</home/otto/IBM/IIBT10/tutorials/GeneratedBarFiles/App_2_IIB_to_Active_MQproject.generated.bar<<BAR<<tutorials<<ExecutionGroup<<COMPLETE
App_2_IIB_to_Active_MQ>>TESTNODE_otto>>tutorials>>0>>1533697274287
2871<<Administration Result<<2018-08-08 11:01:17.790 AWST<<otto<<deploy<</home/otto/IBM/IIBT10/tutorials/GeneratedBarFiles/App_2_IIB_to_Active_MQproject.generated.bar<<BAR<<tutorials<<ExecutionGroup<<COMPLETE
App_2_IIB_to_Active_MQ>>TESTNODE_otto>>tutorials>>0>>1533818459342
2871<<Administration Result<<2018-08-09 20:41:00.441 AWST<<otto<<deploy<</home/otto/IBM/IIBT10/tutorials/GeneratedBarFiles/App_2_IIB_to_Active_MQproject.generated.bar<<BAR<<tutorials<<ExecutionGroup<<COMPLETE
App_2_IIB_to_Active_MQ>>TESTNODE_otto>>tutorials>>0>>1533818550240
2871<<Administration Result<<2018-08-09 20:42:31.513 AWST<<otto<<deploy<</home/otto/IBM/IIBT10/tutorials/GeneratedBarFiles/App_2_IIB_to_Active_MQproject.generated.bar<<BAR<<tutorials<<ExecutionGroup<<COMPLETE
App_2_IIB_to_Active_MQ>>TESTNODE_otto>>tutorials>>0>>1533818654645
2871<<Administration Result<<2018-08-09 20:44:15.219 AWST<<otto<<deploy<</home/otto/IBM/IIBT10/tutorials/GeneratedBarFiles/App_2_IIB_to_Active_MQproject.generated.bar<<BAR<<tutorials<<ExecutionGroup<<COMPLETE
App_2_IIB_to_Active_MQ>>TESTNODE_otto>>tutorials>>0>>1533818767016
2871<<Administration Result<<2018-08-09 20:46:07.648 AWST<<otto<<deploy<</home/otto/IBM/IIBT10/tutorials/GeneratedBarFiles/App_2_IIB_to_Active_MQproject.generated.bar<<BAR<<tutorials<<ExecutionGroup<<COMPLETE
App_2_IIB_to_Active_MQ>>TESTNODE_otto>>tutorials>>0>>1533818804442
2871<<Administration Result<<2018-08-09 20:46:44.926 AWST<<otto<<deploy<</home/otto/IBM/IIBT10/tutorials/TestModeBarFiles/App_2_IIB_to_Active_MQproject.TestMode.bar<<BAR<<tutorials<<ExecutionGroup<<COMPLETE
App_2_IIB_to_Active_MQ>>TESTNODE_otto>>tutorials>>0>>1533818840780
2871<<Administration Result<<2018-08-09 20:47:21.317 AWST<<otto<<deploy<</home/otto/IBM/IIBT10/tutorials/GeneratedBarFiles/App_2_IIB_to_Active_MQproject.generated.bar<<BAR<<tutorials<<ExecutionGroup<<COMPLETE
App_2_IIB_to_Active_MQ>>TESTNODE_otto>>tutorials>>0>>1533874344106
2871<<Administration Result<<2018-08-10 12:12:24.558 AWST<<otto<<deploy<</home/otto/IBM/IIBT10/tutorials/GeneratedBarFiles/App_2_IIB_to_Active_MQproject.generated.bar<<BAR<<tutorials<<ExecutionGroup<<COMPLETE
App_2_IIB_to_Active_MQ>>TESTNODE_otto>>tutorials>>0>>1533874478761
2871<<Administration Result<<2018-08-10 12:14:39.339 AWST<<otto<<deploy<</home/otto/IBM/IIBT10/tutorials/GeneratedBarFiles/App_2_IIB_to_Active_MQproject.generated.bar<<BAR<<tutorials<<ExecutionGroup<<COMPLETE
App_2_IIB_to_Active_MQ>>TESTNODE_otto>>tutorials>>0>>1533874533445
2871<<Administration Result<<2018-08-10 12:15:34.777 AWST<<otto<<deploy<</home/otto/IBM/IIBT10/tutorials/GeneratedBarFiles/App_2_IIB_to_Active_MQproject.generated.bar<<BAR<<tutorials<<ExecutionGroup<<COMPLETE
App_2_IIB_to_Active_MQ>>TESTNODE_otto>>tutorials>>0>>1533885452658
2871<<Administration Result<<2018-08-10 15:17:36.296 AWST<<otto<<deploy<</home/otto/IBM/IIBT10/tutorials/GeneratedBarFiles/App_2_IIB_to_Active_MQproject.generated.bar<<BAR<<tutorials<<ExecutionGroup<<COMPLETE
App_2_IIB_to_Active_MQ>>TESTNODE_otto>>tutorials>>0>>1533885803079
2871<<Administration Result<<2018-08-10 15:23:25.514 AWST<<otto<<deploy<</home/otto/IBM/IIBT10/tutorials/GeneratedBarFiles/App_2_IIB_to_Active_MQproject.generated.bar<<BAR<<tutorials<<ExecutionGroup<<COMPLETE
App_2_IIB_to_Active_MQ>>TESTNODE_otto>>tutorials>>0>>1533885870339
2871<<Administration Result<<2018-08-10 15:24:32.962 AWST<<otto<<deploy<</home/otto/IBM/IIBT10/tutorials/GeneratedBarFiles/App_2_IIB_to_Active_MQproject.generated.bar<<BAR<<tutorials<<ExecutionGroup<<COMPLETE
App_2_IIB_to_Active_MQ>>TESTNODE_otto>>tutorials>>0>>1533888141001
2871<<Administration Result<<2018-08-10 16:02:28.280 AWST<<otto<<deploy<</home/otto/IBM/IIBT10/tutorials/GeneratedBarFiles/App_2_IIB_to_Active_MQproject.generated.bar<<BAR<<tutorials<<ExecutionGroup<<COMPLETE
App_2_IIB_to_Active_MQ>>TESTNODE_otto>>tutorials>>0>>1533888206517
2871<<Administration Result<<2018-08-10 16:03:30.669 AWST<<otto<<deploy<</home/otto/IBM/IIBT10/tutorials/GeneratedBarFiles/App_2_IIB_to_Active_MQproject.generated.bar<<BAR<<tutorials<<ExecutionGroup<<COMPLETE
App_2_IIB_to_Active_MQ>>TESTNODE_otto>>tutorials>>0>>1533891225397
2871<<Administration Result<<2018-08-10 16:53:47.178 AWST<<otto<<deploy<</home/otto/IBM/IIBT10/tutorials/GeneratedBarFiles/App_2_IIB_to_Active_MQproject.generated.bar<<BAR<<tutorials<<ExecutionGroup<<COMPLETE
App_2_IIB_to_Active_MQ>>TESTNODE_otto>>tutorials>>0>>1533891458977
2871<<Administration Result<<2018-08-10 16:57:45.206 AWST<<otto<<deploy<</home/otto/IBM/IIBT10/tutorials/GeneratedBarFiles/App_2_IIB_to_Active_MQproject.generated.bar<<BAR<<tutorials<<ExecutionGroup<<COMPLETE
App_2_IIB_to_Active_MQ>>TESTNODE_otto>>tutorials>>0>>1533891715735
2871<<Administration Result<<2018-08-10 17:01:58.116 AWST<<otto<<deploy<</home/otto/IBM/IIBT10/tutorials/GeneratedBarFiles/App_2_IIB_to_Active_MQproject.generated.bar<<BAR<<tutorials<<ExecutionGroup<<COMPLETE
App_2_IIB_to_Active_MQ>>TESTNODE_otto>>tutorials>>0>>1534150123113
2871<<Administration Result<<2018-08-13 16:48:45.248 AWST<<otto<<deploy<</home/otto/IBM/IIBT10/tutorials/GeneratedBarFiles/App_2_IIB_to_Active_MQproject.generated.bar<<BAR<<tutorials<<ExecutionGroup<<COMPLETE
App_2_IIB_to_Active_MQ>>TESTNODE_otto>>tutorials>>0>>1534150264392
2871<<Administration Result<<2018-08-13 16:51:06.652 AWST<<otto<<deploy<</home/otto/IBM/IIBT10/tutorials/GeneratedBarFiles/App_2_IIB_to_Active_MQproject.generated.bar<<BAR<<tutorials<<ExecutionGroup<<COMPLETE
App_2_IIB_to_Active_MQ>>TESTNODE_otto>>tutorials>>0>>1534150709754
2871<<Administration Result<<2018-08-13 16:58:32.034 AWST<<otto<<deploy<</home/otto/IBM/IIBT10/tutorials/GeneratedBarFiles/App_2_IIB_to_Active_MQproject.generated.bar<<BAR<<tutorials<<ExecutionGroup<<COMPLETE
App_2_IIB_to_Active_MQ>>TESTNODE_otto>>tutorials>>0>>1534151248540
2871<<Administration Result<<2018-08-13 17:07:30.922 AWST<<otto<<deploy<</home/otto/IBM/IIBT10/tutorials/GeneratedBarFiles/App_2_IIB_to_Active_MQproject.generated.bar<<BAR<<tutorials<<ExecutionGroup<<COMPLETE
App_2_IIB_to_Active_MQ>>TESTNODE_otto>>tutorials>>0>>1534300311497
2871<<Administration Result<<2018-08-15 10:31:56.184 AWST<<otto<<deploy<</home/otto/IBM/IIBT10/tutorials/GeneratedBarFiles/App_2_IIB_to_Active_MQproject.generated.bar<<BAR<<tutorials<<ExecutionGroup<<COMPLETE
App_2_IIB_to_Active_MQ>>TESTNODE_otto>>tutorials>>0>>1534301099517
2871<<Administration Result<<2018-08-15 10:45:00.272 AWST<<otto<<deploy<</home/otto/IBM/IIBT10/tutorials/GeneratedBarFiles/App_2_IIB_to_Active_MQproject.generated.bar<<BAR<<tutorials<<ExecutionGroup<<COMPLETE
App_2_IIB_to_Active_MQ>>TESTNODE_otto>>tutorials>>0>>1534326424702
2871<<Administration Result<<2018-08-15 17:47:06.911 AWST<<otto<<deploy<</home/otto/IBM/IIBT10/tutorials/GeneratedBarFiles/App_2_IIB_to_Active_MQproject.generated.bar<<BAR<<tutorials<<ExecutionGroup<<COMPLETE
App_2_IIB_to_Active_MQ>>TESTNODE_otto>>tutorials>>0>>1534326537710
2871<<Administration Result<<2018-08-15 17:48:59.795 AWST<<otto<<deploy<</home/otto/IBM/IIBT10/tutorials/GeneratedBarFiles/App_2_IIB_to_Active_MQproject.generated.bar<<BAR<<tutorials<<ExecutionGroup<<COMPLETE
App_2_IIB_to_Active_MQ>>TESTNODE_otto>>tutorials>>0>>1534659288277
2871<<Administration Result<<2018-08-19 14:14:49.889 AWST<<otto<<deploy<</home/otto/IBM/IIBT10/tutorials/GeneratedBarFiles/App_2_IIB_to_Active_MQproject.generated.bar<<BAR<<tutorials<<ExecutionGroup<<COMPLETE
App_2_IIB_to_Active_MQ>>TESTNODE_otto>>tutorials>>0>>1534659467072
2871<<Administration Result<<2018-08-19 14:17:49.835 AWST<<otto<<deploy<</home/otto/IBM/IIBT10/tutorials/GeneratedBarFiles/App_2_IIB_to_Active_MQproject.generated.bar<<BAR<<tutorials<<ExecutionGroup<<COMPLETE
App_2_IIB_to_Active_MQ>>TESTNODE_otto>>tutorials>>0>>1534659664333
2871<<Administration Result<<2018-08-19 14:21:09.900 AWST<<otto<<deploy<</home/otto/IBM/IIBT10/tutorials/GeneratedBarFiles/App_2_IIB_to_Active_MQproject.generated.bar<<BAR<<tutorials<<ExecutionGroup<<COMPLETE
App_2_IIB_to_Active_MQ>>TESTNODE_otto>>tutorials>>0>>1534659741807
2871<<Administration Result<<2018-08-19 14:22:28.629 AWST<<otto<<deploy<</home/otto/IBM/IIBT10/tutorials/GeneratedBarFiles/App_2_IIB_to_Active_MQproject.generated.bar<<BAR<<tutorials<<ExecutionGroup<<COMPLETE
App_2_IIB_to_Active_MQ>>TESTNODE_otto>>tutorials>>0>>1534851500181
2871<<Administration Result<<2018-08-21 19:38:26.051 AWST<<otto<<deploy<</home/otto/IBM/IIBT10/tutorials/GeneratedBarFiles/App_2_IIB_to_Active_MQproject.generated.bar<<BAR<<tutorials<<ExecutionGroup<<COMPLETE
App_2_IIB_to_Active_MQ>>TESTNODE_otto>>tutorials>>0>>1534852202419
2871<<Administration Result<<2018-08-21 19:50:06.710 AWST<<otto<<deploy<</home/otto/IBM/IIBT10/tutorials/GeneratedBarFiles/App_2_IIB_to_Active_MQproject.generated.bar<<BAR<<tutorials<<ExecutionGroup<<COMPLETE
App_2_IIB_to_Active_MQ>>TESTNODE_otto>>tutorials>>0>>1534852865872
2871<<Administration Result<<2018-08-21 20:01:09.654 AWST<<otto<<deploy<</home/otto/IBM/IIBT10/tutorials/GeneratedBarFiles/App_2_IIB_to_Active_MQproject.generated.bar<<BAR<<tutorials<<ExecutionGroup<<COMPLETE
App_2_IIB_to_Active_MQ>>TESTNODE_otto>>tutorials>>0>>1534852904410
2871<<Administration Result<<2018-08-21 20:01:48.679 AWST<<otto<<deploy<</home/otto/IBM/IIBT10/tutorials/GeneratedBarFiles/App_2_IIB_to_Active_MQproject.generated.bar<<BAR<<tutorials<<ExecutionGroup<<COMPLETE
App_2_IIB_to_Active_MQ>>TESTNODE_otto>>tutorials>>0>>1534853028386
2871<<Administration Result<<2018-08-21 20:03:51.410 AWST<<otto<<deploy<</home/otto/IBM/IIBT10/tutorials/GeneratedBarFiles/App_2_IIB_to_Active_MQproject.generated.bar<<BAR<<tutorials<<ExecutionGroup<<COMPLETE
App_2_IIB_to_Active_MQ>>TESTNODE_otto>>tutorials>>0>>1534853174117
2871<<Administration Result<<2018-08-21 20:06:17.453 AWST<<otto<<deploy<</home/otto/IBM/IIBT10/tutorials/GeneratedBarFiles/App_2_IIB_to_Active_MQproject.generated.bar<<BAR<<tutorials<<ExecutionGroup<<COMPLETE
App_2_IIB_to_Active_MQ>>TESTNODE_otto>>tutorials>>0>>1534853250788
2871<<Administration Result<<2018-08-21 20:07:34.418 AWST<<otto<<deploy<</home/otto/IBM/IIBT10/tutorials/GeneratedBarFiles/App_2_IIB_to_Active_MQproject.generated.bar<<BAR<<tutorials<<ExecutionGroup<<COMPLETE
App_2_IIB_to_Active_MQ>>TESTNODE_otto>>tutorials>>0>>1534904551657
2871<<Administration Result<<2018-08-22 10:22:35.487 AWST<<otto<<deploy<</home/otto/IBM/IIBT10/tutorials/GeneratedBarFiles/App_2_IIB_to_Active_MQproject.generated.bar<<BAR<<tutorials<<ExecutionGroup<<COMPLETE
App_2_IIB_to_Active_MQ>>TESTNODE_otto>>tutorials>>0>>1534904912067
2871<<Administration Result<<2018-08-22 10:28:35.495 AWST<<otto<<deploy<</home/otto/IBM/IIBT10/tutorials/GeneratedBarFiles/App_2_IIB_to_Active_MQproject.generated.bar<<BAR<<tutorials<<ExecutionGroup<<COMPLETE
App_2_IIB_to_Active_MQ>>TESTNODE_otto>>tutorials>>0>>1534916628749
2871<<Administration Result<<2018-08-22 13:43:52.585 AWST<<otto<<deploy<</home/otto/IBM/IIBT10/tutorials/GeneratedBarFiles/App_2_IIB_to_Active_MQproject.generated.bar<<BAR<<tutorials<<ExecutionGroup<<COMPLETE
App_2_IIB_to_Active_MQ>>TESTNODE_otto>>tutorials>>0>>1534917302512
2871<<Administration Result<<2018-08-22 13:55:06.532 AWST<<otto<<deploy<</home/otto/IBM/IIBT10/tutorials/GeneratedBarFiles/App_2_IIB_to_Active_MQproject.generated.bar<<BAR<<tutorials<<ExecutionGroup<<COMPLETE
App_2_IIB_to_Active_MQ>>TESTNODE_otto>>tutorials>>0>>1535013697474
2871<<Administration Result<<2018-08-23 16:41:41.390 AWST<<otto<<deploy<</home/otto/IBM/IIBT10/tutorials/GeneratedBarFiles/App_2_IIB_to_Active_MQproject.generated.bar<<BAR<<tutorials<<ExecutionGroup<<COMPLETE
App_2_IIB_to_Active_MQ>>TESTNODE_otto>>tutorials>>0>>1535014115792
2871<<Administration Result<<2018-08-23 16:48:39.339 AWST<<otto<<deploy<</home/otto/IBM/IIBT10/tutorials/GeneratedBarFiles/App_2_IIB_to_Active_MQproject.generated.bar<<BAR<<tutorials<<ExecutionGroup<<COMPLETE
App_2_IIB_to_Active_MQ>>TESTNODE_otto>>tutorials>>0>>1535014220512
2871<<Administration Result<<2018-08-23 16:50:24.349 AWST<<otto<<deploy<</home/otto/IBM/IIBT10/tutorials/GeneratedBarFiles/App_2_IIB_to_Active_MQproject.generated.bar<<BAR<<tutorials<<ExecutionGroup<<COMPLETE
App_2_IIB_to_Active_MQ>>TESTNODE_otto>>tutorials>>0>>1535015205020
2871<<Administration Result<<2018-08-23 17:06:48.395 AWST<<otto<<deploy<</home/otto/IBM/IIBT10/tutorials/GeneratedBarFiles/App_2_IIB_to_Active_MQproject.generated.bar<<BAR<<tutorials<<ExecutionGroup<<COMPLETE
App_2_IIB_to_Active_MQ>>TESTNODE_otto>>tutorials>>0>>1535015264903
2871<<Administration Result<<2018-08-23 17:07:48.414 AWST<<otto<<deploy<</home/otto/IBM/IIBT10/tutorials/GeneratedBarFiles/App_2_IIB_to_Active_MQproject.generated.bar<<BAR<<tutorials<<ExecutionGroup<<COMPLETE
App_2_IIB_to_Active_MQ>>TESTNODE_otto>>tutorials>>0>>1535015532641
2871<<Administration Result<<2018-08-23 17:12:16.211 AWST<<otto<<deploy<</home/otto/IBM/IIBT10/tutorials/GeneratedBarFiles/App_2_IIB_to_Active_MQproject.generated.bar<<BAR<<tutorials<<ExecutionGroup<<COMPLETE
App_2_IIB_to_Active_MQ>>TESTNODE_otto>>tutorials>>0>>1535020152163
2871<<Administration Result<<2018-08-23 18:29:16.189 AWST<<otto<<deploy<</home/otto/IBM/IIBT10/tutorials/GeneratedBarFiles/App_2_IIB_to_Active_MQproject.generated.bar<<BAR<<tutorials<<ExecutionGroup<<COMPLETE
App_2_IIB_to_Active_MQ>>TESTNODE_otto>>tutorials>>0>>1535020421865
2871<<Administration Result<<2018-08-23 18:33:45.196 AWST<<otto<<deploy<</home/otto/IBM/IIBT10/tutorials/GeneratedBarFiles/App_2_IIB_to_Active_MQproject.generated.bar<<BAR<<tutorials<<ExecutionGroup<<COMPLETE
App_2_IIB_to_Active_MQ>>TESTNODE_otto>>tutorials>>0>>1535086727379
2871<<Administration Result<<2018-08-24 12:58:51.574 AWST<<otto<<deploy<</home/otto/IBM/IIBT10/tutorials/GeneratedBarFiles/App_2_IIB_to_Active_MQproject.generated.bar<<BAR<<tutorials<<ExecutionGroup<<COMPLETE
App_2_IIB_to_Active_MQ>>TESTNODE_otto>>tutorials>>0>>1535087473933
2871<<Administration Result<<2018-08-24 13:11:17.488 AWST<<otto<<deploy<</home/otto/IBM/IIBT10/tutorials/GeneratedBarFiles/App_2_IIB_to_Active_MQproject.generated.bar<<BAR<<tutorials<<ExecutionGroup<<COMPLETE
App_2_IIB_to_Active_MQ>>TESTNODE_otto>>tutorials>>0>>1535087546706
2871<<Administration Result<<2018-08-24 13:12:30.526 AWST<<otto<<deploy<</home/otto/IBM/IIBT10/tutorials/GeneratedBarFiles/App_2_IIB_to_Active_MQproject.generated.bar<<BAR<<tutorials<<ExecutionGroup<<COMPLETE
App_2_IIB_to_Active_MQ>>TESTNODE_otto>>tutorials>>0>>1535087685441
2871<<Administration Result<<2018-08-24 13:14:49.508 AWST<<otto<<deploy<</home/otto/IBM/IIBT10/tutorials/GeneratedBarFiles/App_2_IIB_to_Active_MQproject.generated.bar<<BAR<<tutorials<<ExecutionGroup<<COMPLETE
App_2_IIB_to_Active_MQ>>TESTNODE_otto>>tutorials>>0>>1535093709519
2871<<Administration Result<<2018-08-24 14:55:13.489 AWST<<otto<<deploy<</home/otto/IBM/IIBT10/tutorials/GeneratedBarFiles/App_2_IIB_to_Active_MQproject.generated.bar<<BAR<<tutorials<<ExecutionGroup<<COMPLETE
App_2_IIB_to_Active_MQ>>TESTNODE_otto>>tutorials>>0>>1535093750035
2871<<Administration Result<<2018-08-24 14:55:53.467 AWST<<otto<<deploy<</home/otto/IBM/IIBT10/tutorials/GeneratedBarFiles/App_2_IIB_to_Active_MQproject.generated.bar<<BAR<<tutorials<<ExecutionGroup<<COMPLETE
App_2_IIB_to_Active_MQ>>TESTNODE_otto>>tutorials>>0>>1535265063084
2871<<Administration Result<<2018-08-26 14:31:11.249 AWST<<otto<<deploy<</home/otto/IBM/IIBT10/tutorials/GeneratedBarFiles/App_2_IIB_to_Active_MQproject.generated.bar<<BAR<<tutorials<<ExecutionGroup<<COMPLETE
App_2_IIB_to_Active_MQ>>TESTNODE_otto>>tutorials>>2>>1535265440689
2851<<TESTNODE_otto<<2018-08-26 14:37:20.694 AWST<<deploy<<ExecutionGroup<<tutorials<<ExecutionGroup<<2fa68a0a-39e3-4700-aece-d7e7b5eb0313<<<<<<<<<<
App_2_IIB_to_Active_MQ>>TESTNODE_otto>>tutorials>>0>>1535265549248
2871<<Administration Result<<2018-08-26 14:39:13.970 AWST<<otto<<deploy<</home/otto/IBM/IIBT10/tutorials/GeneratedBarFiles/App_2_IIB_to_Active_MQproject.generated.bar<<BAR<<tutorials<<ExecutionGroup<<COMPLETE
App_2_IIB_to_Active_MQ>>TESTNODE_otto>>tutorials>>0>>1535267453819
2871<<Administration Result<<2018-08-26 15:10:58.287 AWST<<otto<<deploy<</home/otto/IBM/IIBT10/tutorials/GeneratedBarFiles/App_2_IIB_to_Active_MQproject.generated.bar<<BAR<<tutorials<<ExecutionGroup<<COMPLETE
App_2_IIB_to_Active_MQ>>TESTNODE_otto>>tutorials>>0>>1535268087457
2871<<Administration Result<<2018-08-26 15:21:36.382 AWST<<otto<<deploy<</home/otto/IBM/IIBT10/tutorials/GeneratedBarFiles/App_2_IIB_to_Active_MQproject.generated.bar<<BAR<<tutorials<<ExecutionGroup<<COMPLETE
App_2_IIB_to_Active_MQ>>TESTNODE_otto>>tutorials>>0>>1535268228121
2871<<Administration Result<<2018-08-26 15:23:51.968 AWST<<otto<<deploy<</home/otto/IBM/IIBT10/tutorials/GeneratedBarFiles/App_2_IIB_to_Active_MQproject.generated.bar<<BAR<<tutorials<<ExecutionGroup<<COMPLETE
App_2_IIB_to_Active_MQ>>TESTNODE_otto>>tutorials>>0>>1535268251708
2871<<Administration Result<<2018-08-26 15:24:15.659 AWST<<otto<<deploy<</home/otto/IBM/IIBT10/tutorials/GeneratedBarFiles/App_2_IIB_to_Active_MQproject.generated.bar<<BAR<<tutorials<<ExecutionGroup<<COMPLETE
App_2_IIB_to_Active_MQ>>TESTNODE_otto>>tutorials>>0>>1535268351884
2871<<Administration Result<<2018-08-26 15:25:55.115 AWST<<otto<<deploy<</home/otto/IBM/IIBT10/tutorials/GeneratedBarFiles/App_2_IIB_to_Active_MQproject.generated.bar<<BAR<<tutorials<<ExecutionGroup<<COMPLETE
App_2_IIB_to_Active_MQ>>TESTNODE_otto>>tutorials>>0>>1535268392738
2871<<Administration Result<<2018-08-26 15:26:40.477 AWST<<otto<<deploy<</home/otto/IBM/IIBT10/tutorials/GeneratedBarFiles/App_2_IIB_to_Active_MQproject.generated.bar<<BAR<<tutorials<<ExecutionGroup<<COMPLETE
App_2_IIB_to_Active_MQ>>TESTNODE_otto>>tutorials>>0>>1535268676235
2871<<Administration Result<<2018-08-26 15:31:22.848 AWST<<otto<<deploy<</home/otto/IBM/IIBT10/tutorials/GeneratedBarFiles/App_2_IIB_to_Active_MQproject.generated.bar<<BAR<<tutorials<<ExecutionGroup<<COMPLETE
App_2_IIB_to_Active_MQ>>TESTNODE_otto>>tutorials>>0>>1535284239128
2871<<Administration Result<<2018-08-26 19:50:44.166 AWST<<otto<<deploy<</home/otto/IBM/IIBT10/tutorials/GeneratedBarFiles/App_2_IIB_to_Active_MQproject.generated.bar<<BAR<<tutorials<<ExecutionGroup<<COMPLETE
App_2_IIB_to_Active_MQ>>TESTNODE_otto>>tutorials>>0>>1535284515741
2871<<Administration Result<<2018-08-26 19:55:20.265 AWST<<otto<<deploy<</home/otto/IBM/IIBT10/tutorials/GeneratedBarFiles/App_2_IIB_to_Active_MQproject.generated.bar<<BAR<<tutorials<<ExecutionGroup<<COMPLETE
App_2_IIB_to_Active_MQ>>TESTNODE_otto>>tutorials>>0>>1535284614146
2871<<Administration Result<<2018-08-26 19:56:58.159 AWST<<otto<<deploy<</home/otto/IBM/IIBT10/tutorials/GeneratedBarFiles/App_2_IIB_to_Active_MQproject.generated.bar<<BAR<<tutorials<<ExecutionGroup<<COMPLETE
App_2_IIB_to_Active_MQ>>TESTNODE_otto>>tutorials>>0>>1535285206871
2871<<Administration Result<<2018-08-26 20:06:51.200 AWST<<otto<<deploy<</home/otto/IBM/IIBT10/tutorials/GeneratedBarFiles/App_2_IIB_to_Active_MQproject.generated.bar<<BAR<<tutorials<<ExecutionGroup<<COMPLETE
App_2_IIB_to_Active_MQ>>TESTNODE_otto>>tutorials>>0>>1535285266288
2871<<Administration Result<<2018-08-26 20:07:50.291 AWST<<otto<<deploy<</home/otto/IBM/IIBT10/tutorials/GeneratedBarFiles/App_2_IIB_to_Active_MQproject.generated.bar<<BAR<<tutorials<<ExecutionGroup<<COMPLETE
App_2_IIB_to_Active_MQ>>TESTNODE_otto>>tutorials>>0>>1535286454978
2871<<Administration Result<<2018-08-26 20:27:39.245 AWST<<otto<<deploy<</home/otto/IBM/IIBT10/tutorials/TestModeBarFiles/App_2_IIB_to_Active_MQproject.TestMode.bar<<BAR<<tutorials<<ExecutionGroup<<COMPLETE
App_2_IIB_to_Active_MQ>>TESTNODE_otto>>tutorials>>0>>1535286952257
2871<<Administration Result<<2018-08-26 20:35:56.231 AWST<<otto<<deploy<</home/otto/IBM/IIBT10/tutorials/GeneratedBarFiles/App_2_IIB_to_Active_MQproject.generated.bar<<BAR<<tutorials<<ExecutionGroup<<COMPLETE
App_2_IIB_to_Active_MQ>>TESTNODE_otto>>tutorials>>0>>1535287589674
2871<<Administration Result<<2018-08-26 20:46:33.206 AWST<<otto<<deploy<</home/otto/IBM/IIBT10/tutorials/TestModeBarFiles/App_2_IIB_to_Active_MQproject.TestMode.bar<<BAR<<tutorials<<ExecutionGroup<<COMPLETE
App_2_IIB_to_Active_MQ>>TESTNODE_otto>>tutorials>>0>>1535358453900
2871<<Administration Result<<2018-08-27 16:27:39.726 AWST<<otto<<deploy<</home/otto/IBM/IIBT10/tutorials/GeneratedBarFiles/App_2_IIB_to_Active_MQproject.generated.bar<<BAR<<tutorials<<ExecutionGroup<<COMPLETE
App_2_IIB_to_Active_MQ>>TESTNODE_otto>>tutorials>>0>>1535358619432
2871<<Administration Result<<2018-08-27 16:30:23.971 AWST<<otto<<deploy<</home/otto/IBM/IIBT10/tutorials/GeneratedBarFiles/App_2_IIB_to_Active_MQproject.generated.bar<<BAR<<tutorials<<ExecutionGroup<<COMPLETE
App_2_IIB_to_Active_MQ>>TESTNODE_otto>>tutorials>>0>>1535358763609
2871<<Administration Result<<2018-08-27 16:32:47.825 AWST<<otto<<deploy<</home/otto/IBM/IIBT10/tutorials/GeneratedBarFiles/App_2_IIB_to_Active_MQproject.generated.bar<<BAR<<tutorials<<ExecutionGroup<<COMPLETE
App_2_IIB_to_Active_MQ>>TESTNODE_otto>>tutorials>>0>>1535359155799
2871<<Administration Result<<2018-08-27 16:39:19.923 AWST<<otto<<deploy<</home/otto/IBM/IIBT10/tutorials/GeneratedBarFiles/App_2_IIB_to_Active_MQproject.generated.bar<<BAR<<tutorials<<ExecutionGroup<<COMPLETE
App_2_IIB_to_Active_MQ>>TESTNODE_otto>>tutorials>>0>>1535359441105
2871<<Administration Result<<2018-08-27 16:44:04.869 AWST<<otto<<deploy<</home/otto/IBM/IIBT10/tutorials/GeneratedBarFiles/App_2_IIB_to_Active_MQproject.generated.bar<<BAR<<tutorials<<ExecutionGroup<<COMPLETE
App_2_IIB_to_Active_MQ>>TESTNODE_otto>>tutorials>>0>>1535359521427
2871<<Administration Result<<2018-08-27 16:45:25.751 AWST<<otto<<deploy<</home/otto/IBM/IIBT10/tutorials/GeneratedBarFiles/App_2_IIB_to_Active_MQproject.generated.bar<<BAR<<tutorials<<ExecutionGroup<<COMPLETE
App_2_IIB_to_Active_MQ>>TESTNODE_otto>>tutorials>>0>>1535359588832
2871<<Administration Result<<2018-08-27 16:46:33.043 AWST<<otto<<deploy<</home/otto/IBM/IIBT10/tutorials/GeneratedBarFiles/App_2_IIB_to_Active_MQproject.generated.bar<<BAR<<tutorials<<ExecutionGroup<<COMPLETE
App_2_IIB_to_Active_MQ>>TESTNODE_otto>>tutorials>>0>>1535359666768
2871<<Administration Result<<2018-08-27 16:47:50.823 AWST<<otto<<deploy<</home/otto/IBM/IIBT10/tutorials/GeneratedBarFiles/App_2_IIB_to_Active_MQproject.generated.bar<<BAR<<tutorials<<ExecutionGroup<<COMPLETE
App_2_IIB_to_Active_MQ>>TESTNODE_otto>>tutorials>>2>>1535359850421
2087<<Runtime Response<<2018-08-27 16:50:53.778 AWST<<TESTNODE_otto<<56efe89c-ed35-11e7-9239-c0a8016b0000
4041<<Runtime Response<<2018-08-27 16:50:53.778 AWST<<tutorials<<2fa68a0a-39e3-4700-aece-d7e7b5eb0313
2406<<Runtime Response<<2018-08-27 16:50:53.778 AWST<<Test_Schema.IIB_to_Active_MQ_MF_Compute.CopyEntireMessage3<<6.62
2871<<Administration Result<<2018-08-27 16:50:53.778 AWST<<otto<<deploy<</home/otto/IBM/IIBT10/tutorials/GeneratedBarFiles/App_2_IIB_to_Active_MQproject.generated.bar<<BAR<<tutorials<<ExecutionGroup<<FAILED
App_2_IIB_to_Active_MQ>>TESTNODE_otto>>tutorials>>0>>1535359881475
2871<<Administration Result<<2018-08-27 16:51:25.079 AWST<<otto<<deploy<</home/otto/IBM/IIBT10/tutorials/GeneratedBarFiles/App_2_IIB_to_Active_MQproject.generated.bar<<BAR<<tutorials<<ExecutionGroup<<COMPLETE
App_2_IIB_to_Active_MQ>>TESTNODE_otto>>tutorials>>2>>1535427528162
2087<<Runtime Response<<2018-08-28 11:38:51.990 AWST<<TESTNODE_otto<<56efe89c-ed35-11e7-9239-c0a8016b0000
4041<<Runtime Response<<2018-08-28 11:38:51.990 AWST<<tutorials<<2fa68a0a-39e3-4700-aece-d7e7b5eb0313
2497<<Runtime Response<<2018-08-28 11:38:51.990 AWST<<Test_Schema.IIB_to_Active_MQ_MF_Compute.CopyEntireMessage3<<5.7
2871<<Administration Result<<2018-08-28 11:38:51.990 AWST<<otto<<deploy<</home/otto/IBM/IIBT10/tutorials/GeneratedBarFiles/App_2_IIB_to_Active_MQproject.generated.bar<<BAR<<tutorials<<ExecutionGroup<<FAILED
App_2_IIB_to_Active_MQ>>TESTNODE_otto>>tutorials>>0>>1535434058847
2871<<Administration Result<<2018-08-28 13:27:43.027 AWST<<otto<<deploy<</home/otto/IBM/IIBT10/tutorials/GeneratedBarFiles/App_2_IIB_to_Active_MQproject.generated.bar<<BAR<<tutorials<<ExecutionGroup<<COMPLETE
App_2_IIB_to_Active_MQ>>TESTNODE_otto>>tutorials>>0>>1535434218445
2871<<Administration Result<<2018-08-28 13:30:21.999 AWST<<otto<<deploy<</home/otto/IBM/IIBT10/tutorials/GeneratedBarFiles/App_2_IIB_to_Active_MQproject.generated.bar<<BAR<<tutorials<<ExecutionGroup<<COMPLETE
App_2_IIB_to_Active_MQ>>TESTNODE_otto>>tutorials>>0>>1535434346500
2871<<Administration Result<<2018-08-28 13:32:29.925 AWST<<otto<<deploy<</home/otto/IBM/IIBT10/tutorials/GeneratedBarFiles/App_2_IIB_to_Active_MQproject.generated.bar<<BAR<<tutorials<<ExecutionGroup<<COMPLETE
App_2_IIB_to_Active_MQ>>TESTNODE_otto>>tutorials>>0>>1535434445766
2871<<Administration Result<<2018-08-28 13:34:09.899 AWST<<otto<<deploy<</home/otto/IBM/IIBT10/tutorials/GeneratedBarFiles/App_2_IIB_to_Active_MQproject.generated.bar<<BAR<<tutorials<<ExecutionGroup<<COMPLETE
App_2_IIB_to_Active_MQ>>TESTNODE_otto>>tutorials>>0>>1535434496708
2871<<Administration Result<<2018-08-28 13:35:00.915 AWST<<otto<<deploy<</home/otto/IBM/IIBT10/tutorials/GeneratedBarFiles/App_2_IIB_to_Active_MQproject.generated.bar<<BAR<<tutorials<<ExecutionGroup<<COMPLETE
App_2_IIB_to_Active_MQ>>TESTNODE_otto>>tutorials>>0>>1535434573594
2871<<Administration Result<<2018-08-28 13:36:17.045 AWST<<otto<<deploy<</home/otto/IBM/IIBT10/tutorials/GeneratedBarFiles/App_2_IIB_to_Active_MQproject.generated.bar<<BAR<<tutorials<<ExecutionGroup<<COMPLETE
App_2_IIB_to_Active_MQ>>TESTNODE_otto>>tutorials>>0>>1535434646718
2871<<Administration Result<<2018-08-28 13:37:30.952 AWST<<otto<<deploy<</home/otto/IBM/IIBT10/tutorials/GeneratedBarFiles/App_2_IIB_to_Active_MQproject.generated.bar<<BAR<<tutorials<<ExecutionGroup<<COMPLETE
App_2_IIB_to_Active_MQ>>TESTNODE_otto>>tutorials>>0>>1535512631103
2871<<Administration Result<<2018-08-29 11:17:15.021 AWST<<otto<<deploy<</home/otto/IBM/IIBT10/tutorials/GeneratedBarFiles/App_2_IIB_to_Active_MQproject.generated.bar<<BAR<<tutorials<<ExecutionGroup<<COMPLETE
App_2_IIB_to_Active_MQ>>TESTNODE_otto>>tutorials>>0>>1535512696468
2871<<Administration Result<<2018-08-29 11:18:19.979 AWST<<otto<<deploy<</home/otto/IBM/IIBT10/tutorials/GeneratedBarFiles/App_2_IIB_to_Active_MQproject.generated.bar<<BAR<<tutorials<<ExecutionGroup<<COMPLETE
App_2_IIB_to_Active_MQ>>TESTNODE_otto>>tutorials>>0>>1535513134814
2871<<Administration Result<<2018-08-29 11:25:39.019 AWST<<otto<<deploy<</home/otto/IBM/IIBT10/tutorials/GeneratedBarFiles/App_2_IIB_to_Active_MQproject.generated.bar<<BAR<<tutorials<<ExecutionGroup<<COMPLETE
App_2_IIB_to_Active_MQ>>TESTNODE_otto>>tutorials>>0>>1535514219221
2871<<Administration Result<<2018-08-29 11:43:42.904 AWST<<otto<<deploy<</home/otto/IBM/IIBT10/tutorials/GeneratedBarFiles/App_2_IIB_to_Active_MQproject.generated.bar<<BAR<<tutorials<<ExecutionGroup<<COMPLETE
App_2_IIB_to_Active_MQ>>TESTNODE_otto>>tutorials>>0>>1535528632652
2871<<Administration Result<<2018-08-29 15:43:56.800 AWST<<otto<<deploy<</home/otto/IBM/IIBT10/tutorials/GeneratedBarFiles/App_2_IIB_to_Active_MQproject.generated.bar<<BAR<<tutorials<<ExecutionGroup<<COMPLETE
App_2_IIB_to_Active_MQ>>TESTNODE_otto>>tutorials>>0>>1535528718038
2871<<Administration Result<<2018-08-29 15:45:21.718 AWST<<otto<<deploy<</home/otto/IBM/IIBT10/tutorials/GeneratedBarFiles/App_2_IIB_to_Active_MQproject.generated.bar<<BAR<<tutorials<<ExecutionGroup<<COMPLETE
App_2_IIB_to_Active_MQ>>TESTNODE_otto>>tutorials>>0>>1535528771059
2871<<Administration Result<<2018-08-29 15:46:14.883 AWST<<otto<<deploy<</home/otto/IBM/IIBT10/tutorials/GeneratedBarFiles/App_2_IIB_to_Active_MQproject.generated.bar<<BAR<<tutorials<<ExecutionGroup<<COMPLETE
App_2_IIB_to_Active_MQ>>TESTNODE_otto>>tutorials>>0>>1535528973039
2871<<Administration Result<<2018-08-29 15:49:36.804 AWST<<otto<<deploy<</home/otto/IBM/IIBT10/tutorials/GeneratedBarFiles/App_2_IIB_to_Active_MQproject.generated.bar<<BAR<<tutorials<<ExecutionGroup<<COMPLETE
App_2_IIB_to_Active_MQ>>TESTNODE_otto>>tutorials>>0>>1535528984694
2871<<Administration Result<<2018-08-29 15:49:48.578 AWST<<otto<<deploy<</home/otto/IBM/IIBT10/tutorials/GeneratedBarFiles/App_2_IIB_to_Active_MQproject.generated.bar<<BAR<<tutorials<<ExecutionGroup<<COMPLETE
App_2_IIB_to_Active_MQ>>TESTNODE_otto>>tutorials>>0>>1535529019436
2871<<Administration Result<<2018-08-29 15:50:23.600 AWST<<otto<<deploy<</home/otto/IBM/IIBT10/tutorials/GeneratedBarFiles/App_2_IIB_to_Active_MQproject.generated.bar<<BAR<<tutorials<<ExecutionGroup<<COMPLETE
App_2_IIB_to_Active_MQ>>TESTNODE_otto>>tutorials>>0>>1535529037756
2871<<Administration Result<<2018-08-29 15:50:41.356 AWST<<otto<<deploy<</home/otto/IBM/IIBT10/tutorials/GeneratedBarFiles/App_2_IIB_to_Active_MQproject.generated.bar<<BAR<<tutorials<<ExecutionGroup<<COMPLETE
App_2_IIB_to_Active_MQ>>TESTNODE_otto>>tutorials>>0>>1535529169786
2871<<Administration Result<<2018-08-29 15:52:53.488 AWST<<otto<<deploy<</home/otto/IBM/IIBT10/tutorials/GeneratedBarFiles/App_2_IIB_to_Active_MQproject.generated.bar<<BAR<<tutorials<<ExecutionGroup<<COMPLETE
App_2_IIB_to_Active_MQ>>TESTNODE_otto>>tutorials>>2>>1535529301954
2087<<Runtime Response<<2018-08-29 15:55:05.357 AWST<<TESTNODE_otto<<56efe89c-ed35-11e7-9239-c0a8016b0000
4041<<Runtime Response<<2018-08-29 15:55:05.357 AWST<<tutorials<<2fa68a0a-39e3-4700-aece-d7e7b5eb0313
2497<<Runtime Response<<2018-08-29 15:55:05.357 AWST<<Test_Schema.IIB_to_Active_MQ_MF_Compute.CopyEntireMessage3<<9.7
2871<<Administration Result<<2018-08-29 15:55:05.357 AWST<<otto<<deploy<</home/otto/IBM/IIBT10/tutorials/GeneratedBarFiles/App_2_IIB_to_Active_MQproject.generated.bar<<BAR<<tutorials<<ExecutionGroup<<FAILED
App_2_IIB_to_Active_MQ>>TESTNODE_otto>>tutorials>>0>>1535529323116
2871<<Administration Result<<2018-08-29 15:55:26.504 AWST<<otto<<deploy<</home/otto/IBM/IIBT10/tutorials/GeneratedBarFiles/App_2_IIB_to_Active_MQproject.generated.bar<<BAR<<tutorials<<ExecutionGroup<<COMPLETE
App_2_IIB_to_Active_MQ>>TESTNODE_otto>>tutorials>>0>>1535529366318
2871<<Administration Result<<2018-08-29 15:56:10.564 AWST<<otto<<deploy<</home/otto/IBM/IIBT10/tutorials/GeneratedBarFiles/App_2_IIB_to_Active_MQproject.generated.bar<<BAR<<tutorials<<ExecutionGroup<<COMPLETE
App_2_IIB_to_Active_MQ>>TESTNODE_otto>>tutorials>>0>>1535529486240
2871<<Administration Result<<2018-08-29 15:58:10.483 AWST<<otto<<deploy<</home/otto/IBM/IIBT10/tutorials/GeneratedBarFiles/App_2_IIB_to_Active_MQproject.generated.bar<<BAR<<tutorials<<ExecutionGroup<<COMPLETE
App_2_IIB_to_Active_MQ>>TESTNODE_otto>>tutorials>>0>>1535529517769
2871<<Administration Result<<2018-08-29 15:58:41.573 AWST<<otto<<deploy<</home/otto/IBM/IIBT10/tutorials/GeneratedBarFiles/App_2_IIB_to_Active_MQproject.generated.bar<<BAR<<tutorials<<ExecutionGroup<<COMPLETE
App_2_IIB_to_Active_MQ>>TESTNODE_otto>>tutorials>>0>>1535529676161
2871<<Administration Result<<2018-08-29 16:01:19.499 AWST<<otto<<deploy<</home/otto/IBM/IIBT10/tutorials/GeneratedBarFiles/App_2_IIB_to_Active_MQproject.generated.bar<<BAR<<tutorials<<ExecutionGroup<<COMPLETE
App_2_IIB_to_Active_MQ>>TESTNODE_otto>>tutorials>>0>>1535529774715
2871<<Administration Result<<2018-08-29 16:02:58.557 AWST<<otto<<deploy<</home/otto/IBM/IIBT10/tutorials/GeneratedBarFiles/App_2_IIB_to_Active_MQproject.generated.bar<<BAR<<tutorials<<ExecutionGroup<<COMPLETE
App_2_IIB_to_Active_MQ>>TESTNODE_otto>>tutorials>>0>>1535529839507
2871<<Administration Result<<2018-08-29 16:04:03.615 AWST<<otto<<deploy<</home/otto/IBM/IIBT10/tutorials/GeneratedBarFiles/App_2_IIB_to_Active_MQproject.generated.bar<<BAR<<tutorials<<ExecutionGroup<<COMPLETE
App_2_IIB_to_Active_MQ>>TESTNODE_otto>>tutorials>>0>>1535600739172
2871<<Administration Result<<2018-08-30 11:45:42.784 AWST<<otto<<deploy<</home/otto/IBM/IIBT10/tutorials/GeneratedBarFiles/App_2_IIB_to_Active_MQproject.generated.bar<<BAR<<tutorials<<ExecutionGroup<<COMPLETE
App_2_IIB_to_Active_MQ>>TESTNODE_otto>>tutorials>>0>>1535601031476
2871<<Administration Result<<2018-08-30 11:50:35.815 AWST<<otto<<deploy<</home/otto/IBM/IIBT10/tutorials/GeneratedBarFiles/App_2_IIB_to_Active_MQproject.generated.bar<<BAR<<tutorials<<ExecutionGroup<<COMPLETE
App_2_IIB_to_Active_MQ>>TESTNODE_otto>>tutorials>>0>>1535601079809
2871<<Administration Result<<2018-08-30 11:51:23.783 AWST<<otto<<deploy<</home/otto/IBM/IIBT10/tutorials/GeneratedBarFiles/App_2_IIB_to_Active_MQproject.generated.bar<<BAR<<tutorials<<ExecutionGroup<<COMPLETE
